<?xml version="1.0" encoding="UTF-8"?>
<!-- Generated by org.testng.reporters.JUnitXMLReporter -->
<testsuite ignored="0" hostname="DESKTOP-KJO7TA2" failures="4" tests="4" name="SwagLabsTestcase" time="11.563" errors="0" timestamp="2022-09-19T17:07:52 IST">
  <testcase classname="com.swaglabs.TestCases.TC_001" name="setcrediatials" time="0.026">
    <failure type="java.lang.NullPointerException" message="Cannot invoke &amp;quot;org.openqa.selenium.WebElement.sendKeys(java.lang.CharSequence[])&amp;quot; because &amp;quot;com.swaglabsPage.Objects.LoginPage.username_element&amp;quot; is null">
      <![CDATA[java.lang.NullPointerException: Cannot invoke "org.openqa.selenium.WebElement.sendKeys(java.lang.CharSequence[])" because "com.swaglabsPage.Objects.LoginPage.username_element" is null
at com.swaglabs.TestCases.TC_001.setcrediatials(TC_001.java:24)
at java.base/java.util.ArrayList.forEach(ArrayList.java:1511)
... Removed 27 stack frames]]>
    </failure>
  </testcase> <!-- setcrediatials -->
  <testcase classname="com.swaglabs.TestCases.TC_001" name="setcrediatials" time="0.003">
    <failure type="java.lang.NullPointerException" message="Cannot invoke &amp;quot;org.openqa.selenium.WebElement.sendKeys(java.lang.CharSequence[])&amp;quot; because &amp;quot;com.swaglabsPage.Objects.LoginPage.username_element&amp;quot; is null">
      <![CDATA[java.lang.NullPointerException: Cannot invoke "org.openqa.selenium.WebElement.sendKeys(java.lang.CharSequence[])" because "com.swaglabsPage.Objects.LoginPage.username_element" is null
at com.swaglabs.TestCases.TC_001.setcrediatials(TC_001.java:24)
at java.base/java.util.ArrayList.forEach(ArrayList.java:1511)
... Removed 27 stack frames]]>
    </failure>
  </testcase> <!-- setcrediatials -->
  <testcase classname="com.swaglabs.TestCases.TC_001" name="setcrediatials" time="0.003">
    <failure type="java.lang.NullPointerException" message="Cannot invoke &amp;quot;org.openqa.selenium.WebElement.sendKeys(java.lang.CharSequence[])&amp;quot; because &amp;quot;com.swaglabsPage.Objects.LoginPage.username_element&amp;quot; is null">
      <![CDATA[java.lang.NullPointerException: Cannot invoke "org.openqa.selenium.WebElement.sendKeys(java.lang.CharSequence[])" because "com.swaglabsPage.Objects.LoginPage.username_element" is null
at com.swaglabs.TestCases.TC_001.setcrediatials(TC_001.java:24)
at java.base/java.util.ArrayList.forEach(ArrayList.java:1511)
... Removed 27 stack frames]]>
    </failure>
  </testcase> <!-- setcrediatials -->
  <testcase classname="com.swaglabs.TestCases.TC_001" name="setcrediatials" time="0.001">
    <failure type="java.lang.NullPointerException" message="Cannot invoke &amp;quot;org.openqa.selenium.WebElement.sendKeys(java.lang.CharSequence[])&amp;quot; because &amp;quot;com.swaglabsPage.Objects.LoginPage.username_element&amp;quot; is null">
      <![CDATA[java.lang.NullPointerException: Cannot invoke "org.openqa.selenium.WebElement.sendKeys(java.lang.CharSequence[])" because "com.swaglabsPage.Objects.LoginPage.username_element" is null
at com.swaglabs.TestCases.TC_001.setcrediatials(TC_001.java:24)
at java.base/java.util.ArrayList.forEach(ArrayList.java:1511)
... Removed 27 stack frames]]>
    </failure>
  </testcase> <!-- setcrediatials -->
</testsuite> <!-- SwagLabsTestcase -->
